<?xml version="1.0" encoding="UTF-8"?>
<testng-results ignored="0" total="1" passed="1" failed="0" skipped="0">
  <reporter-output>
  </reporter-output>
  <suite started-at="2024-05-27T22:05:13 CEST" name="Surefire suite" finished-at="2024-05-27T22:05:23 CEST" duration-ms="10093">
    <groups>
    </groups>
    <test started-at="2024-05-27T22:05:13 CEST" name="Surefire test" finished-at="2024-05-27T22:05:23 CEST" duration-ms="10093">
      <class name="test.TestNG_Demo">
        <test-method is-config="true" signature="setUpTest()[pri:0, instance:test.TestNG_Demo@4e096385]" started-at="2024-05-27T22:05:13 CEST" name="setUpTest" finished-at="2024-05-27T22:05:15 CEST" duration-ms="2071" status="PASS">
          <reporter-output>
          </reporter-output>
        </test-method> <!-- setUpTest -->
        <test-method signature="googleSearch()[pri:0, instance:test.TestNG_Demo@4e096385]" started-at="2024-05-27T22:05:15 CEST" name="googleSearch" finished-at="2024-05-27T22:05:23 CEST" duration-ms="7437" status="PASS">
          <reporter-output>
          </reporter-output>
        </test-method> <!-- googleSearch -->
        <test-method is-config="true" signature="tearDownTest()[pri:0, instance:test.TestNG_Demo@4e096385]" started-at="2024-05-27T22:05:23 CEST" name="tearDownTest" finished-at="2024-05-27T22:05:23 CEST" duration-ms="542" status="PASS">
          <reporter-output>
          </reporter-output>
        </test-method> <!-- tearDownTest -->
      </class> <!-- test.TestNG_Demo -->
    </test> <!-- Surefire test -->
  </suite> <!-- Surefire suite -->
</testng-results>
